15/04/22 15:21:14 Login: admin Login!
15/04/22 15:21:36 Start: Software started by admin!
15/04/22 15:25:05 Stop: Software stoped by admin!
15/04/22 15:27:08 Login: admin Login!
15/04/22 15:27:15 Start: Software started by admin!
15/04/22 15:35:14 Login: admin Login!
15/04/22 15:36:33 Login: admin Login!
15/04/22 15:39:20 Login: admin Login!
15/04/22 15:40:19 Login: admin Login!
15/04/22 15:44:04 Login: admin Login!
15/04/22 15:44:13 LoadHistoryCurves: 索引超出范围。必须为非负值并小于集合大小。
参数名: index
15/04/22 16:27:04 Login: admin Login!
15/04/22 16:28:39 Login: admin Login!
15/04/22 16:32:56 Login: admin Login!
15/04/22 16:42:16 Login: admin Login!
15/04/22 16:45:44 Login: admin Login!
15/04/22 16:46:41 Login: admin Login!
15/04/22 16:49:19 Login: admin Login!
15/04/22 16:49:53 Login: admin Login!
15/04/22 16:55:39 Login: admin Login!
15/04/22 16:59:26 Login: admin Login!
