// ■■■■■■■■■■ [2015/4/10 15:38:45] ■■■■■■■■■■ //


// ---------- [错误信息] ---------- //

信息: 对象不能从 DBNull 转换为其他类型。
帮助链接: None
对象: mscorlib
堆栈:
   在 System.DBNull.System.IConvertible.ToInt32(IFormatProvider provider)
   在 System.Convert.ToInt32(Object value)
   在 OptimalControl.Forms.frmParametersManager.GetSelectedParameter() 位置 e:\Projects\03.半自磨优化\03-01.研发文档\03-01-01.Software\OptimalControl\OptimalControl\OptimalControl\Forms\frmParametersManager.cs:行号 151
   在 OptimalControl.Forms.frmParametersManager.tsbtn_para_edit_Click(Object sender, EventArgs e) 位置 e:\Projects\03.半自磨优化\03-01.研发文档\03-01-01.Software\OptimalControl\OptimalControl\OptimalControl\Forms\frmParametersManager.cs:行号 200
   在 OptimalControl.Forms.frmParametersManager.dataGridView_parameters_CellDoubleClick(Object sender, DataGridViewCellEventArgs e) 位置 e:\Projects\03.半自磨优化\03-01.研发文档\03-01-01.Software\OptimalControl\OptimalControl\OptimalControl\Forms\frmParametersManager.cs:行号 239
   在 System.Windows.Forms.DataGridView.OnCellDoubleClick(DataGridViewCellEventArgs e)
   在 System.Windows.Forms.DataGridView.OnDoubleClick(EventArgs e)
   在 System.Windows.Forms.Control.WmMouseUp(Message& m, MouseButtons button, Int32 clicks)
   在 System.Windows.Forms.Control.WndProc(Message& m)
   在 System.Windows.Forms.DataGridView.WndProc(Message& m)
   在 System.Windows.Forms.Control.ControlNativeWindow.OnMessage(Message& m)
   在 System.Windows.Forms.Control.ControlNativeWindow.WndProc(Message& m)
   在 System.Windows.Forms.NativeWindow.Callback(IntPtr hWnd, Int32 msg, IntPtr wparam, IntPtr lparam)
方法: Int32 System.IConvertible.ToInt32(System.IFormatProvider)


// ---------- [系统环境] ---------- //

当前路径: E:\Projects\03.半自磨优化\03-01.研发文档\03-01-01.Software\OptimalControl\OptimalControl\OptimalControl\bin\Release
机器名: THINKPAD[Thinkpad]
操作系统: Microsoft Windows NT 6.1.7601 Service Pack 1
系统路径: C:\Windows\system32
用户名: Jeff
.NET版本: 4.0.30319.34209



